TN:
SF:src\recintos-zoo.js
FN:2,RecintosZoo
FN:20,analisaRecintos
FNF:2
FNH:2
FNDA:5,RecintosZoo
FNDA:5,analisaRecintos
DA:1,1
DA:2,1
DA:3,5
DA:4,5
DA:5,5
DA:6,5
DA:7,5
DA:8,5
DA:9,5
DA:10,5
DA:11,5
DA:12,5
DA:13,5
DA:14,5
DA:15,5
DA:16,5
DA:17,5
DA:18,5
DA:19,1
DA:20,1
DA:21,5
DA:22,5
DA:23,1
DA:24,1
DA:25,5
DA:26,1
DA:27,1
DA:28,3
DA:29,3
DA:30,3
DA:31,3
DA:32,3
DA:33,3
DA:34,3
DA:35,5
DA:36,15
DA:37,15
DA:38,15
DA:39,15
DA:40,4
DA:41,4
DA:42,15
DA:43,5
DA:44,5
DA:45,5
DA:46,5
DA:47,1
DA:48,0
DA:49,0
DA:50,5
DA:51,4
DA:52,1
DA:53,1
DA:54,4
DA:55,0
DA:56,0
DA:57,4
DA:58,5
DA:59,5
DA:60,3
DA:61,0
DA:62,0
DA:63,5
DA:64,2
DA:65,0
DA:66,0
DA:67,2
DA:68,5
DA:69,5
DA:70,4
DA:71,4
DA:72,5
DA:73,15
DA:74,3
DA:75,3
DA:76,2
DA:77,2
DA:78,2
DA:79,3
DA:80,3
DA:81,5
DA:82,1
DA:83,1
DA:84,2
DA:85,2
DA:86,1
DA:87,1
DA:88,1
LF:88
LH:80
BRDA:2,0,0,5
BRDA:20,1,0,5
BRDA:22,2,0,1
BRDA:24,3,0,4
BRDA:25,4,0,1
BRDA:27,5,0,3
BRDA:35,6,0,15
BRDA:39,7,0,5
BRDA:39,8,0,4
BRDA:41,9,0,11
BRDA:42,10,0,9
BRDA:42,11,0,5
BRDA:46,12,0,1
BRDA:47,13,0,0
BRDA:50,14,0,4
BRDA:51,15,0,1
BRDA:54,16,0,0
BRDA:54,17,0,0
BRDA:59,18,0,3
BRDA:60,19,0,0
BRDA:63,20,0,2
BRDA:64,21,0,0
BRDA:69,22,0,4
BRDA:73,23,0,3
BRDA:81,24,0,1
BRDA:83,25,0,2
BRDA:36,26,0,18
BRDA:37,27,0,15
BRDA:42,28,0,11
BRDA:75,29,0,2
BRF:30
BRH:25
end_of_record
